INFO - 2024-05-29 04:26:16 --> Session: Class initialized using 'CodeIgniter\Session\Handlers\FileHandler' driver.
INFO - 2024-05-29 04:26:18 --> Session: Class initialized using 'CodeIgniter\Session\Handlers\FileHandler' driver.
ERROR - 2024-05-29 04:32:14 --> Error connecting to the database: mysqli_sql_exception: No connection could be made because the target machine actively refused it in E:\xampp\htdocs\rmh\system\Database\MySQLi\Connection.php:186
Stack trace:
#0 E:\xampp\htdocs\rmh\system\Database\MySQLi\Connection.php(186): mysqli->real_connect('localhost', 'root', Object(SensitiveParameterValue), 'risaa', 3306, '', 0)
#1 E:\xampp\htdocs\rmh\system\Database\BaseConnection.php(421): CodeIgniter\Database\MySQLi\Connection->connect(false)
#2 E:\xampp\htdocs\rmh\system\Database\BaseConnection.php(604): CodeIgniter\Database\BaseConnection->initialize()
#3 E:\xampp\htdocs\rmh\system\Database\BaseBuilder.php(1629): CodeIgniter\Database\BaseConnection->query('SELECT *\nFROM `...', Array, false)
#4 E:\xampp\htdocs\rmh\system\Model.php(319): CodeIgniter\Database\BaseBuilder->get()
#5 E:\xampp\htdocs\rmh\system\BaseModel.php(714): CodeIgniter\Model->doFirst()
#6 E:\xampp\htdocs\rmh\app\Controllers\User.php(50): CodeIgniter\BaseModel->first()
#7 E:\xampp\htdocs\rmh\system\CodeIgniter.php(933): App\Controllers\User->processLogin()
#8 E:\xampp\htdocs\rmh\system\CodeIgniter.php(509): CodeIgniter\CodeIgniter->runController(Object(App\Controllers\User))
#9 E:\xampp\htdocs\rmh\system\CodeIgniter.php(355): CodeIgniter\CodeIgniter->handleRequest(NULL, Object(Config\Cache), false)
#10 E:\xampp\htdocs\rmh\system\Boot.php(312): CodeIgniter\CodeIgniter->run()
#11 E:\xampp\htdocs\rmh\system\Boot.php(67): CodeIgniter\Boot::runCodeIgniter(Object(CodeIgniter\CodeIgniter))
#12 E:\xampp\htdocs\rmh\public\index.php(56): CodeIgniter\Boot::bootWeb(Object(Config\Paths))
#13 E:\xampp\htdocs\rmh\system\Commands\Server\rewrite.php(49): require_once('E:\\xampp\\htdocs...')
#14 {main}

Next CodeIgniter\Database\Exceptions\DatabaseException: No connection could be made because the target machine actively refused it in E:\xampp\htdocs\rmh\system\Database\MySQLi\Connection.php:231
Stack trace:
#0 E:\xampp\htdocs\rmh\system\Database\BaseConnection.php(421): CodeIgniter\Database\MySQLi\Connection->connect(false)
#1 E:\xampp\htdocs\rmh\system\Database\BaseConnection.php(604): CodeIgniter\Database\BaseConnection->initialize()
#2 E:\xampp\htdocs\rmh\system\Database\BaseBuilder.php(1629): CodeIgniter\Database\BaseConnection->query('SELECT *\nFROM `...', Array, false)
#3 E:\xampp\htdocs\rmh\system\Model.php(319): CodeIgniter\Database\BaseBuilder->get()
#4 E:\xampp\htdocs\rmh\system\BaseModel.php(714): CodeIgniter\Model->doFirst()
#5 E:\xampp\htdocs\rmh\app\Controllers\User.php(50): CodeIgniter\BaseModel->first()
#6 E:\xampp\htdocs\rmh\system\CodeIgniter.php(933): App\Controllers\User->processLogin()
#7 E:\xampp\htdocs\rmh\system\CodeIgniter.php(509): CodeIgniter\CodeIgniter->runController(Object(App\Controllers\User))
#8 E:\xampp\htdocs\rmh\system\CodeIgniter.php(355): CodeIgniter\CodeIgniter->handleRequest(NULL, Object(Config\Cache), false)
#9 E:\xampp\htdocs\rmh\system\Boot.php(312): CodeIgniter\CodeIgniter->run()
#10 E:\xampp\htdocs\rmh\system\Boot.php(67): CodeIgniter\Boot::runCodeIgniter(Object(CodeIgniter\CodeIgniter))
#11 E:\xampp\htdocs\rmh\public\index.php(56): CodeIgniter\Boot::bootWeb(Object(Config\Paths))
#12 E:\xampp\htdocs\rmh\system\Commands\Server\rewrite.php(49): require_once('E:\\xampp\\htdocs...')
#13 {main}
CRITICAL - 2024-05-29 04:32:14 --> CodeIgniter\Database\Exceptions\DatabaseException: Unable to connect to the database.
Main connection [MySQLi]: No connection could be made because the target machine actively refused it
[Method: POST, Route: user/processLogin]
in SYSTEMPATH\Database\BaseConnection.php on line 457.
 1 SYSTEMPATH\Database\BaseConnection.php(604): CodeIgniter\Database\BaseConnection->initialize()
 2 SYSTEMPATH\Database\BaseBuilder.php(1629): CodeIgniter\Database\BaseConnection->query('SELECT *
FROM `users`
WHERE `email` = :email:
 LIMIT 1', [...], false)
 3 SYSTEMPATH\Model.php(319): CodeIgniter\Database\BaseBuilder->get()
 4 SYSTEMPATH\BaseModel.php(714): CodeIgniter\Model->doFirst()
 5 APPPATH\Controllers\User.php(50): CodeIgniter\BaseModel->first()
 6 SYSTEMPATH\CodeIgniter.php(933): App\Controllers\User->processLogin()
 7 SYSTEMPATH\CodeIgniter.php(509): CodeIgniter\CodeIgniter->runController(Object(App\Controllers\User))
 8 SYSTEMPATH\CodeIgniter.php(355): CodeIgniter\CodeIgniter->handleRequest(null, Object(Config\Cache), false)
 9 SYSTEMPATH\Boot.php(312): CodeIgniter\CodeIgniter->run()
10 SYSTEMPATH\Boot.php(67): CodeIgniter\Boot::runCodeIgniter(Object(CodeIgniter\CodeIgniter))
11 FCPATH\index.php(56): CodeIgniter\Boot::bootWeb(Object(Config\Paths))
12 SYSTEMPATH\Commands\Server\rewrite.php(49): require_once('E:\\xampp\\htdocs\\rmh\\public\\index.php')
ERROR - 2024-05-29 04:32:32 --> Error connecting to the database: mysqli_sql_exception: No connection could be made because the target machine actively refused it in E:\xampp\htdocs\rmh\system\Database\MySQLi\Connection.php:186
Stack trace:
#0 E:\xampp\htdocs\rmh\system\Database\MySQLi\Connection.php(186): mysqli->real_connect('localhost', 'root', Object(SensitiveParameterValue), 'risaa', 3306, '', 0)
#1 E:\xampp\htdocs\rmh\system\Database\BaseConnection.php(421): CodeIgniter\Database\MySQLi\Connection->connect(false)
#2 E:\xampp\htdocs\rmh\system\Database\BaseConnection.php(604): CodeIgniter\Database\BaseConnection->initialize()
#3 E:\xampp\htdocs\rmh\system\Database\BaseBuilder.php(1629): CodeIgniter\Database\BaseConnection->query('SELECT *\nFROM `...', Array, false)
#4 E:\xampp\htdocs\rmh\system\Model.php(319): CodeIgniter\Database\BaseBuilder->get()
#5 E:\xampp\htdocs\rmh\system\BaseModel.php(714): CodeIgniter\Model->doFirst()
#6 E:\xampp\htdocs\rmh\app\Controllers\User.php(50): CodeIgniter\BaseModel->first()
#7 E:\xampp\htdocs\rmh\system\CodeIgniter.php(933): App\Controllers\User->processLogin()
#8 E:\xampp\htdocs\rmh\system\CodeIgniter.php(509): CodeIgniter\CodeIgniter->runController(Object(App\Controllers\User))
#9 E:\xampp\htdocs\rmh\system\CodeIgniter.php(355): CodeIgniter\CodeIgniter->handleRequest(NULL, Object(Config\Cache), false)
#10 E:\xampp\htdocs\rmh\system\Boot.php(312): CodeIgniter\CodeIgniter->run()
#11 E:\xampp\htdocs\rmh\system\Boot.php(67): CodeIgniter\Boot::runCodeIgniter(Object(CodeIgniter\CodeIgniter))
#12 E:\xampp\htdocs\rmh\public\index.php(56): CodeIgniter\Boot::bootWeb(Object(Config\Paths))
#13 E:\xampp\htdocs\rmh\system\Commands\Server\rewrite.php(49): require_once('E:\\xampp\\htdocs...')
#14 {main}

Next CodeIgniter\Database\Exceptions\DatabaseException: No connection could be made because the target machine actively refused it in E:\xampp\htdocs\rmh\system\Database\MySQLi\Connection.php:231
Stack trace:
#0 E:\xampp\htdocs\rmh\system\Database\BaseConnection.php(421): CodeIgniter\Database\MySQLi\Connection->connect(false)
#1 E:\xampp\htdocs\rmh\system\Database\BaseConnection.php(604): CodeIgniter\Database\BaseConnection->initialize()
#2 E:\xampp\htdocs\rmh\system\Database\BaseBuilder.php(1629): CodeIgniter\Database\BaseConnection->query('SELECT *\nFROM `...', Array, false)
#3 E:\xampp\htdocs\rmh\system\Model.php(319): CodeIgniter\Database\BaseBuilder->get()
#4 E:\xampp\htdocs\rmh\system\BaseModel.php(714): CodeIgniter\Model->doFirst()
#5 E:\xampp\htdocs\rmh\app\Controllers\User.php(50): CodeIgniter\BaseModel->first()
#6 E:\xampp\htdocs\rmh\system\CodeIgniter.php(933): App\Controllers\User->processLogin()
#7 E:\xampp\htdocs\rmh\system\CodeIgniter.php(509): CodeIgniter\CodeIgniter->runController(Object(App\Controllers\User))
#8 E:\xampp\htdocs\rmh\system\CodeIgniter.php(355): CodeIgniter\CodeIgniter->handleRequest(NULL, Object(Config\Cache), false)
#9 E:\xampp\htdocs\rmh\system\Boot.php(312): CodeIgniter\CodeIgniter->run()
#10 E:\xampp\htdocs\rmh\system\Boot.php(67): CodeIgniter\Boot::runCodeIgniter(Object(CodeIgniter\CodeIgniter))
#11 E:\xampp\htdocs\rmh\public\index.php(56): CodeIgniter\Boot::bootWeb(Object(Config\Paths))
#12 E:\xampp\htdocs\rmh\system\Commands\Server\rewrite.php(49): require_once('E:\\xampp\\htdocs...')
#13 {main}
CRITICAL - 2024-05-29 04:32:32 --> CodeIgniter\Database\Exceptions\DatabaseException: Unable to connect to the database.
Main connection [MySQLi]: No connection could be made because the target machine actively refused it
[Method: POST, Route: user/processLogin]
in SYSTEMPATH\Database\BaseConnection.php on line 457.
 1 SYSTEMPATH\Database\BaseConnection.php(604): CodeIgniter\Database\BaseConnection->initialize()
 2 SYSTEMPATH\Database\BaseBuilder.php(1629): CodeIgniter\Database\BaseConnection->query('SELECT *
FROM `users`
WHERE `email` = :email:
 LIMIT 1', [...], false)
 3 SYSTEMPATH\Model.php(319): CodeIgniter\Database\BaseBuilder->get()
 4 SYSTEMPATH\BaseModel.php(714): CodeIgniter\Model->doFirst()
 5 APPPATH\Controllers\User.php(50): CodeIgniter\BaseModel->first()
 6 SYSTEMPATH\CodeIgniter.php(933): App\Controllers\User->processLogin()
 7 SYSTEMPATH\CodeIgniter.php(509): CodeIgniter\CodeIgniter->runController(Object(App\Controllers\User))
 8 SYSTEMPATH\CodeIgniter.php(355): CodeIgniter\CodeIgniter->handleRequest(null, Object(Config\Cache), false)
 9 SYSTEMPATH\Boot.php(312): CodeIgniter\CodeIgniter->run()
10 SYSTEMPATH\Boot.php(67): CodeIgniter\Boot::runCodeIgniter(Object(CodeIgniter\CodeIgniter))
11 FCPATH\index.php(56): CodeIgniter\Boot::bootWeb(Object(Config\Paths))
12 SYSTEMPATH\Commands\Server\rewrite.php(49): require_once('E:\\xampp\\htdocs\\rmh\\public\\index.php')
INFO - 2024-05-29 04:34:10 --> Session: Class initialized using 'CodeIgniter\Session\Handlers\FileHandler' driver.
INFO - 2024-05-29 04:34:10 --> Session: Class initialized using 'CodeIgniter\Session\Handlers\FileHandler' driver.
INFO - 2024-05-29 05:34:58 --> Session: Class initialized using 'CodeIgniter\Session\Handlers\FileHandler' driver.
INFO - 2024-05-29 05:34:58 --> Session: Class initialized using 'CodeIgniter\Session\Handlers\FileHandler' driver.
INFO - 2024-05-29 05:48:14 --> Session: Class initialized using 'CodeIgniter\Session\Handlers\FileHandler' driver.
INFO - 2024-05-29 06:02:12 --> Session: Class initialized using 'CodeIgniter\Session\Handlers\FileHandler' driver.
INFO - 2024-05-29 10:55:10 --> Session: Class initialized using 'CodeIgniter\Session\Handlers\FileHandler' driver.
INFO - 2024-05-29 10:55:10 --> Session: Class initialized using 'CodeIgniter\Session\Handlers\FileHandler' driver.
INFO - 2024-05-29 10:55:22 --> Session: Class initialized using 'CodeIgniter\Session\Handlers\FileHandler' driver.
INFO - 2024-05-29 10:55:22 --> Session: Class initialized using 'CodeIgniter\Session\Handlers\FileHandler' driver.
INFO - 2024-05-29 11:58:29 --> Session: Class initialized using 'CodeIgniter\Session\Handlers\FileHandler' driver.
